<?xml version="1.0" encoding="UTF-8"?>
<!-- Generated by org.testng.reporters.JUnitReportReporter -->
<testsuite hostname="Naveen-PC" name="TestScripts.TC2_AddEmp" tests="1" failures="0" timestamp="20 Aug 2017 11:45:07 GMT" time="34.966" errors="0">
  <testcase name="AddEmployee" time="34.966" classname="TestScripts.TC2_AddEmp"/>
</testsuite> <!-- TestScripts.TC2_AddEmp -->
