<?xml version="1.0" encoding="UTF-8"?>
<!-- Generated by org.testng.reporters.JUnitReportReporter -->
<testsuite hostname="Naveen-PC" name="TestScripts.Tc1_Login" tests="1" failures="0" timestamp="3 Jul 2017 18:19:13 GMT" time="14.867" errors="0">
  <testcase name="verifyOrangeHRM" time="14.867" classname="TestScripts.Tc1_Login"/>
</testsuite> <!-- TestScripts.Tc1_Login -->
