<?xml version="1.0" encoding="UTF-8"?>
<!-- Generated by org.testng.reporters.JUnitReportReporter -->
<testsuite hostname="Naveen-PC" name="TestScripts.TC2_AddEmp" tests="1" failures="0" timestamp="20 Aug 2017 08:30:10 GMT" time="27.293" errors="0">
  <testcase name="AddEmployee" time="27.293" classname="TestScripts.TC2_AddEmp"/>
</testsuite> <!-- TestScripts.TC2_AddEmp -->
