<?xml version="1.0" encoding="UTF-8"?>
<!-- Generated by org.testng.reporters.JUnitReportReporter -->
<testsuite hostname="Naveen-PC" name="TestScripts.TC3_AddLoc" tests="1" failures="0" timestamp="7 Jul 2017 14:51:14 GMT" time="57.679" errors="0">
  <testcase name="AddEmployee" time="57.679" classname="TestScripts.TC3_AddLoc"/>
</testsuite> <!-- TestScripts.TC3_AddLoc -->
