<?xml version="1.0" encoding="UTF-8"?>
<!-- Generated by org.testng.reporters.JUnitReportReporter -->
<testsuite hostname="Naveen-PC" name="TestScripts.Tc1_Login" tests="1" failures="0" timestamp="20 Aug 2017 11:45:07 GMT" time="24.493" errors="0">
  <testcase name="verifyOrangeHRM" time="24.493" classname="TestScripts.Tc1_Login"/>
</testsuite> <!-- TestScripts.Tc1_Login -->
