<?xml version="1.0" encoding="UTF-8"?>
<!-- Generated by org.testng.reporters.JUnitReportReporter -->
<testsuite hostname="Naveen-PC" name="TestScripts.Tc1_Login" tests="1" failures="0" timestamp="20 Aug 2017 08:30:10 GMT" time="24.997" errors="0">
  <testcase name="verifyOrangeHRM" time="24.997" classname="TestScripts.Tc1_Login"/>
</testsuite> <!-- TestScripts.Tc1_Login -->
