<?xml version="1.0" encoding="UTF-8"?>
<!-- Generated by org.testng.reporters.JUnitReportReporter -->
<testsuite hostname="Naveen-PC" name="TestScripts.BrowsePhoto" tests="1" failures="0" timestamp="5 Aug 2017 03:29:19 GMT" time="49.865" errors="0">
  <testcase name="AddPhoto" time="49.865" classname="TestScripts.BrowsePhoto"/>
</testsuite> <!-- TestScripts.BrowsePhoto -->
