<?xml version="1.0" encoding="UTF-8"?>
<!-- Generated by org.testng.reporters.JUnitReportReporter -->
<testsuite hostname="Naveen-PC" name="TestScripts.Tc1_Login" tests="1" failures="0" timestamp="21 Jul 2017 02:38:53 GMT" time="20.477" errors="0">
  <testcase name="verifyOrangeHRM" time="20.477" classname="TestScripts.Tc1_Login"/>
</testsuite> <!-- TestScripts.Tc1_Login -->
