<?xml version="1.0" encoding="UTF-8"?>
<!-- Generated by org.testng.reporters.JUnitReportReporter -->
<testsuite hostname="Naveen-PC" name="TestScripts.TC2_AddEmp" tests="1" failures="0" timestamp="1 Jul 2017 17:07:57 GMT" time="18.289" errors="0">
  <testcase name="AddEmployee" time="18.289" classname="TestScripts.TC2_AddEmp"/>
</testsuite> <!-- TestScripts.TC2_AddEmp -->
