<?xml version="1.0" encoding="UTF-8"?>
<!-- Generated by org.testng.reporters.JUnitReportReporter -->
<testsuite hostname="Naveen-PC" name="TestScripts.BrowsePhoto" tests="1" failures="0" timestamp="20 Aug 2017 11:45:07 GMT" time="41.447" errors="0">
  <testcase name="AddPhoto" time="41.447" classname="TestScripts.BrowsePhoto"/>
</testsuite> <!-- TestScripts.BrowsePhoto -->
