<?xml version="1.0" encoding="UTF-8"?>
<!-- Generated by org.testng.reporters.JUnitReportReporter -->
<testsuite hostname="Naveen-PC" name="TestScripts.ScrollTo" tests="1" failures="0" timestamp="20 Aug 2017 11:45:07 GMT" time="212.568" errors="0">
  <testcase name="Scroll" time="212.568" classname="TestScripts.ScrollTo"/>
</testsuite> <!-- TestScripts.ScrollTo -->
